20210927-09:15:56
Finish compilation
493.022064
178.798065
358.071960
674.966675
1503.208618
15750.625977
2343.198486
1174.366943
810.250916
629.796082
520.781189
447.194061
393.878357
353.322632
321.364777
295.508392
274.160614
256.256287
241.056488
228.032898
216.798706
207.065475
198.619263
191.294891
184.970062
179.555496
174.987991
171.227768
168.257248
166.078522
164.714569
164.211288
164.637772
166.093506
168.710953
172.665649
178.185287
185.569122
195.212311
207.638382
223.561279
243.973633
270.298737
304.654816
350.335571
412.765594
501.549652
635.453674
856.728943
1284.497314
2435.060547
15151.545898
3938.779053
1824.913330
1225.943726
946.205322
786.491882
685.052307
616.534790
568.671936
534.866821
511.323517
495.786926
486.929535
493.022064
486.929535
495.786926
511.323517
534.866821
568.671936
616.534790
685.052307
786.491882
946.205322
1225.943726
1824.913330
3938.779053
15151.545898
2435.060547
1284.497314
856.728943
635.453674
501.549652
412.765594
350.335571
304.654816
270.298737
243.973633
223.561279
207.638382
195.212311
185.569122
178.185287
172.665649
168.710953
166.093506
164.637772
164.211288
164.714569
166.078522
168.257248
171.227768
174.987991
179.555496
184.970062
191.294891
198.619263
207.065475
216.798706
228.032898
241.056488
256.256287
274.160614
295.508392
321.364777
353.322632
393.878357
447.194061
520.781189
629.796082
810.250916
1174.366943
2343.198486
15750.625977
1503.208618
674.966675
358.071960
178.798065
Time consumed: 0 seconds
Finish run.sh


2021.09.27 09:16:20
Finish compilation
493.022064
178.798065
358.071960
674.966675
1503.208618
15750.625977
2343.198486
1174.366943
810.250916
629.796082
520.781189
447.194061
393.878357
353.322632
321.364777
295.508392
274.160614
256.256287
241.056488
228.032898
216.798706
207.065475
198.619263
191.294891
184.970062
179.555496
174.987991
171.227768
168.257248
166.078522
164.714569
164.211288
164.637772
166.093506
168.710953
172.665649
178.185287
185.569122
195.212311
207.638382
223.561279
243.973633
270.298737
304.654816
350.335571
412.765594
501.549652
635.453674
856.728943
1284.497314
2435.060547
15151.545898
3938.779053
1824.913330
1225.943726
946.205322
786.491882
685.052307
616.534790
568.671936
534.866821
511.323517
495.786926
486.929535
493.022064
486.929535
495.786926
511.323517
534.866821
568.671936
616.534790
685.052307
786.491882
946.205322
1225.943726
1824.913330
3938.779053
15151.545898
2435.060547
1284.497314
856.728943
635.453674
501.549652
412.765594
350.335571
304.654816
270.298737
243.973633
223.561279
207.638382
195.212311
185.569122
178.185287
172.665649
168.710953
166.093506
164.637772
164.211288
164.714569
166.078522
168.257248
171.227768
174.987991
179.555496
184.970062
191.294891
198.619263
207.065475
216.798706
228.032898
241.056488
256.256287
274.160614
295.508392
321.364777
353.322632
393.878357
447.194061
520.781189
629.796082
810.250916
1174.366943
2343.198486
15750.625977
1503.208618
674.966675
358.071960
178.798065
Time consumed: 0 seconds
Finish run.sh


2021.09.27 09:20:25
Finish compilation
493.022064
178.798065
358.071960
674.966675
1503.208618
15750.625977
2343.198486
1174.366943
810.250916
629.796082
520.781189
447.194061
393.878357
353.322632
321.364777
295.508392
274.160614
256.256287
241.056488
228.032898
216.798706
207.065475
198.619263
191.294891
184.970062
179.555496
174.987991
171.227768
168.257248
166.078522
164.714569
164.211288
164.637772
166.093506
168.710953
172.665649
178.185287
185.569122
195.212311
207.638382
223.561279
243.973633
270.298737
304.654816
350.335571
412.765594
501.549652
635.453674
856.728943
1284.497314
2435.060547
15151.545898
3938.779053
1824.913330
1225.943726
946.205322
786.491882
685.052307
616.534790
568.671936
534.866821
511.323517
495.786926
486.929535
493.022064
486.929535
495.786926
511.323517
534.866821
568.671936
616.534790
685.052307
786.491882
946.205322
1225.943726
1824.913330
3938.779053
15151.545898
2435.060547
1284.497314
856.728943
635.453674
501.549652
412.765594
350.335571
304.654816
270.298737
243.973633
223.561279
207.638382
195.212311
185.569122
178.185287
172.665649
168.710953
166.093506
164.637772
164.211288
164.714569
166.078522
168.257248
171.227768
174.987991
179.555496
184.970062
191.294891
198.619263
207.065475
216.798706
228.032898
241.056488
256.256287
274.160614
295.508392
321.364777
353.322632
393.878357
447.194061
520.781189
629.796082
810.250916
1174.366943
2343.198486
15750.625977
1503.208618
674.966675
358.071960
178.798065
Time consumed: 0 seconds
Finish run.sh


